[21:28:26] [Server thread/INFO]: Starting minecraft server version 1.7.10
[21:28:28] [Server thread/INFO]: Loading properties
[21:28:28] [Server thread/INFO]: Default game type: SURVIVAL
[21:28:28] [Server thread/INFO]: Generating keypair
[21:28:29] [Server thread/INFO]: Starting Minecraft server on *:25565
[21:28:29] [Server thread/WARN]: Failed to load user banlist: 
java.io.FileNotFoundException: banned-players.json (No such file or directory)
	at java.io.FileInputStream.open0(Native Method) ~[?:1.8.0_162]
	at java.io.FileInputStream.open(FileInputStream.java:195) ~[?:1.8.0_162]
	at java.io.FileInputStream.<init>(FileInputStream.java:138) ~[?:1.8.0_162]
	at com.google.common.io.Files.newReader(Files.java:86) ~[guava-17.0.jar:?]
	at net.minecraft.server.management.UserList.func_152679_g(SourceFile:124) ~[om.class:?]
	at net.minecraft.server.dedicated.DedicatedPlayerList.func_152620_y(SourceFile:99) [ls.class:?]
	at net.minecraft.server.dedicated.DedicatedPlayerList.<init>(SourceFile:25) [ls.class:?]
	at net.minecraft.server.dedicated.DedicatedServer.func_71197_b(DedicatedServer.java:211) [lt.class:?]
	at net.minecraft.server.MinecraftServer.run(MinecraftServer.java:387) [MinecraftServer.class:?]
	at net.minecraft.server.MinecraftServer$2.run(MinecraftServer.java:685) [li.class:?]
[21:28:29] [Server thread/WARN]: Failed to load ip banlist: 
java.io.FileNotFoundException: banned-ips.json (No such file or directory)
	at java.io.FileInputStream.open0(Native Method) ~[?:1.8.0_162]
	at java.io.FileInputStream.open(FileInputStream.java:195) ~[?:1.8.0_162]
	at java.io.FileInputStream.<init>(FileInputStream.java:138) ~[?:1.8.0_162]
	at com.google.common.io.Files.newReader(Files.java:86) ~[guava-17.0.jar:?]
	at net.minecraft.server.management.UserList.func_152679_g(SourceFile:124) ~[om.class:?]
	at net.minecraft.server.dedicated.DedicatedPlayerList.func_152619_x(SourceFile:91) [ls.class:?]
	at net.minecraft.server.dedicated.DedicatedPlayerList.<init>(SourceFile:27) [ls.class:?]
	at net.minecraft.server.dedicated.DedicatedServer.func_71197_b(DedicatedServer.java:211) [lt.class:?]
	at net.minecraft.server.MinecraftServer.run(MinecraftServer.java:387) [MinecraftServer.class:?]
	at net.minecraft.server.MinecraftServer$2.run(MinecraftServer.java:685) [li.class:?]
[21:28:29] [Server thread/WARN]: Failed to load operators list: 
java.io.FileNotFoundException: ops.json (No such file or directory)
	at java.io.FileInputStream.open0(Native Method) ~[?:1.8.0_162]
	at java.io.FileInputStream.open(FileInputStream.java:195) ~[?:1.8.0_162]
	at java.io.FileInputStream.<init>(FileInputStream.java:138) ~[?:1.8.0_162]
	at com.google.common.io.Files.newReader(Files.java:86) ~[guava-17.0.jar:?]
	at net.minecraft.server.management.UserList.func_152679_g(SourceFile:124) ~[om.class:?]
	at net.minecraft.server.dedicated.DedicatedPlayerList.func_72417_t(SourceFile:107) [ls.class:?]
	at net.minecraft.server.dedicated.DedicatedPlayerList.<init>(SourceFile:29) [ls.class:?]
	at net.minecraft.server.dedicated.DedicatedServer.func_71197_b(DedicatedServer.java:211) [lt.class:?]
	at net.minecraft.server.MinecraftServer.run(MinecraftServer.java:387) [MinecraftServer.class:?]
	at net.minecraft.server.MinecraftServer$2.run(MinecraftServer.java:685) [li.class:?]
[21:28:29] [Server thread/WARN]: Failed to load white-list: 
java.io.FileNotFoundException: whitelist.json (No such file or directory)
	at java.io.FileInputStream.open0(Native Method) ~[?:1.8.0_162]
	at java.io.FileInputStream.open(FileInputStream.java:195) ~[?:1.8.0_162]
	at java.io.FileInputStream.<init>(FileInputStream.java:138) ~[?:1.8.0_162]
	at com.google.common.io.Files.newReader(Files.java:86) ~[guava-17.0.jar:?]
	at net.minecraft.server.management.UserList.func_152679_g(SourceFile:124) ~[om.class:?]
	at net.minecraft.server.dedicated.DedicatedPlayerList.func_72418_v(SourceFile:123) [ls.class:?]
	at net.minecraft.server.dedicated.DedicatedPlayerList.<init>(SourceFile:30) [ls.class:?]
	at net.minecraft.server.dedicated.DedicatedServer.func_71197_b(DedicatedServer.java:211) [lt.class:?]
	at net.minecraft.server.MinecraftServer.run(MinecraftServer.java:387) [MinecraftServer.class:?]
	at net.minecraft.server.MinecraftServer$2.run(MinecraftServer.java:685) [li.class:?]
[21:28:29] [Server thread/INFO]: Preparing level "world"
[21:28:30] [Server thread/INFO]: Preparing start region for level 0
[21:28:31] [Server thread/INFO]: Preparing spawn area: 5%
[21:28:32] [Server thread/INFO]: Preparing spawn area: 11%
[21:28:33] [Server thread/INFO]: Preparing spawn area: 16%
[21:28:34] [Server thread/INFO]: Preparing spawn area: 22%
[21:28:35] [Server thread/INFO]: Preparing spawn area: 28%
[21:28:36] [Server thread/INFO]: Preparing spawn area: 36%
[21:28:37] [Server thread/INFO]: Preparing spawn area: 43%
[21:28:38] [Server thread/INFO]: Preparing spawn area: 52%
[21:28:39] [Server thread/INFO]: Preparing spawn area: 60%
[21:28:40] [Server thread/INFO]: Preparing spawn area: 67%
[21:28:41] [Server thread/INFO]: Preparing spawn area: 74%
[21:28:42] [Server thread/INFO]: Preparing spawn area: 82%
[21:28:43] [Server thread/INFO]: Preparing spawn area: 90%
[21:28:44] [Server thread/INFO]: Preparing spawn area: 98%
[21:28:44] [Server thread/INFO]: Done (15.210s)! For help, type "help" or "?"
[21:29:05] [Server thread/INFO]: Stopping the server
[21:29:05] [Server thread/INFO]: Stopping server
[21:29:05] [Server thread/INFO]: Saving players
[21:29:05] [Server thread/INFO]: Saving worlds
[21:29:05] [Server thread/INFO]: Saving chunks for level 'world'/Overworld
[21:29:05] [Server thread/INFO]: Saving chunks for level 'world'/Nether
[21:29:05] [Server thread/INFO]: Saving chunks for level 'world'/The End
